<?xml version="1.0" encoding="UTF-8"?>
<testsuite name="rspec" tests="45" skipped="13" failures="17" errors="0" time="0.744822" timestamp="2020-11-07T02:49:49+00:00" hostname="9605966e91df">
<properties>
<property name="seed" value="20939"/>
</properties>
<testcase classname="spec.helpers.card_helper_spec" name="CardHelper add some examples to (or delete) /myapp/spec/helpers/card_helper_spec.rb" file="./spec/helpers/card_helper_spec.rb" time="0.000010"><skipped/></testcase>
<testcase classname="spec.helpers.events_helper_spec" name="EventsHelper add some examples to (or delete) /myapp/spec/helpers/events_helper_spec.rb" file="./spec/helpers/events_helper_spec.rb" time="0.000006"><skipped/></testcase>
<testcase classname="spec.helpers.users_helper_spec" name="UsersHelper add some examples to (or delete) /myapp/spec/helpers/users_helper_spec.rb" file="./spec/helpers/users_helper_spec.rb" time="0.000005"><skipped/></testcase>
<testcase classname="spec.models.card_spec" name="Card List カード作成 カード作成がうまくいく時 全てがうまくいけば作成できる" file="./spec/models/card_spec.rb" time="0.291076"></testcase>
<testcase classname="spec.models.card_spec" name="Card List カード作成 カード作成がうまくいかない時 titleが1~255文字でないと作成できない" file="./spec/models/card_spec.rb" time="0.038925"></testcase>
<testcase classname="spec.models.card_spec" name="Card List カード作成 カード作成がうまくいかない時 memoが1~1000文字出ないと作成できない" file="./spec/models/card_spec.rb" time="0.052660"></testcase>
<testcase classname="spec.models.event_spec" name="Event add some examples to (or delete) /myapp/spec/models/event_spec.rb" file="./spec/models/event_spec.rb" time="0.000008"><skipped/></testcase>
<testcase classname="spec.models.list_spec" name="List List リスト作成 リスト作成がうまくいく時 全てがうまくいけば作成できる" file="./spec/models/list_spec.rb" time="0.026937"></testcase>
<testcase classname="spec.models.list_spec" name="List List リスト作成 リスト作成がうまくいかない時 titleが空だと登録できない" file="./spec/models/list_spec.rb" time="0.027653"></testcase>
<testcase classname="spec.models.list_spec" name="List List リスト作成 リスト作成がうまくいかない時 titileが10文字より多いと登録できない" file="./spec/models/list_spec.rb" time="0.024396"></testcase>
<testcase classname="spec.models.sns_credential_spec" name="SnsCredential add some examples to (or delete) /myapp/spec/models/sns_credential_spec.rb" file="./spec/models/sns_credential_spec.rb" time="0.000033"><skipped/></testcase>
<testcase classname="spec.models.user_spec" name="User User ユーザー新規登録 新規登録がうまく行く時 全てがうまくいけば登録できる" file="./spec/models/user_spec.rb" time="0.010171"></testcase>
<testcase classname="spec.models.user_spec" name="User User ユーザー新規登録 新規登録がうまくいかない時 nicknameが空だと登録できない" file="./spec/models/user_spec.rb" time="0.010361"></testcase>
<testcase classname="spec.models.user_spec" name="User User ユーザー新規登録 新規登録がうまくいかない時 emailが空だと登録できない" file="./spec/models/user_spec.rb" time="0.010714"></testcase>
<testcase classname="spec.models.user_spec" name="User User ユーザー新規登録 新規登録がうまくいかない時 重複したemailが存在する場合登録できない" file="./spec/models/user_spec.rb" time="0.083980"></testcase>
<testcase classname="spec.models.user_spec" name="User User ユーザー新規登録 新規登録がうまくいかない時 @がないと登録できない" file="./spec/models/user_spec.rb" time="0.008916"></testcase>
<testcase classname="spec.models.user_spec" name="User User ユーザー新規登録 新規登録がうまくいかない時 passwordが空では登録できない" file="./spec/models/user_spec.rb" time="0.009975"></testcase>
<testcase classname="spec.models.user_spec" name="User User ユーザー新規登録 新規登録がうまくいかない時 passwordが5文字以下では登録できない" file="./spec/models/user_spec.rb" time="0.013221"></testcase>
<testcase classname="spec.models.user_spec" name="User User ユーザー新規登録 新規登録がうまくいかない時 passwordが半角英数字でなければ登録できない" file="./spec/models/user_spec.rb" time="0.010522"></testcase>
<testcase classname="spec.models.user_spec" name="User User ユーザー新規登録 新規登録がうまくいかない時 passwordが存在していてもpassword_confirmationが空では登録できない" file="./spec/models/user_spec.rb" time="0.012193"></testcase>
<testcase classname="spec.requests.events_spec" name="/events GET /index renders a successful response" file="./spec/requests/events_spec.rb" time="0.003260"><skipped/></testcase>
<testcase classname="spec.requests.events_spec" name="/events GET /show renders a successful response" file="./spec/requests/events_spec.rb" time="0.002014"><skipped/></testcase>
<testcase classname="spec.requests.events_spec" name="/events GET /new renders a successful response" file="./spec/requests/events_spec.rb" time="0.002012"><failure message="undefined local variable or method `new_event_url&apos; for #&lt;RSpec::ExampleGroups::Events::GETNew:0x000055ed9ee5f0d8&gt;" type="NameError">Failure/Error: get new_event_url

NameError:
  undefined local variable or method `new_event_url&apos; for #&lt;RSpec::ExampleGroups::Events::GETNew:0x000055ed9ee5f0d8&gt;
./spec/requests/events_spec.rb:44:in `block (3 levels) in &lt;main&gt;&apos;</failure></testcase>
<testcase classname="spec.requests.events_spec" name="/events GET /edit render a successful response" file="./spec/requests/events_spec.rb" time="0.002920"><skipped/></testcase>
<testcase classname="spec.requests.events_spec" name="/events POST /create with valid parameters creates a new Event" file="./spec/requests/events_spec.rb" time="0.008113"><failure message="undefined local variable or method `events_url&apos; for #&lt;RSpec::ExampleGroups::Events::POSTCreate::WithValidParameters:0x000055ed9ee68ca0&gt;" type="NameError">Failure/Error: post events_url, params: { event: valid_attributes }

NameError:
  undefined local variable or method `events_url&apos; for #&lt;RSpec::ExampleGroups::Events::POSTCreate::WithValidParameters:0x000055ed9ee68ca0&gt;
./spec/requests/events_spec.rb:61:in `block (5 levels) in &lt;main&gt;&apos;
./spec/requests/events_spec.rb:60:in `block (4 levels) in &lt;main&gt;&apos;</failure></testcase>
<testcase classname="spec.requests.events_spec" name="/events POST /create with valid parameters redirects to the created event" file="./spec/requests/events_spec.rb" time="0.002300"><failure message="undefined local variable or method `events_url&apos; for #&lt;RSpec::ExampleGroups::Events::POSTCreate::WithValidParameters:0x000055ed9ee82ce0&gt;" type="NameError">Failure/Error: post events_url, params: { event: valid_attributes }

NameError:
  undefined local variable or method `events_url&apos; for #&lt;RSpec::ExampleGroups::Events::POSTCreate::WithValidParameters:0x000055ed9ee82ce0&gt;
./spec/requests/events_spec.rb:66:in `block (4 levels) in &lt;main&gt;&apos;</failure></testcase>
<testcase classname="spec.requests.events_spec" name="/events POST /create with invalid parameters does not create a new Event" file="./spec/requests/events_spec.rb" time="0.003305"><failure message="undefined local variable or method `events_url&apos; for #&lt;RSpec::ExampleGroups::Events::POSTCreate::WithInvalidParameters:0x000055ed9ee842e8&gt;" type="NameError">Failure/Error: post events_url, params: { event: invalid_attributes }

NameError:
  undefined local variable or method `events_url&apos; for #&lt;RSpec::ExampleGroups::Events::POSTCreate::WithInvalidParameters:0x000055ed9ee842e8&gt;
./spec/requests/events_spec.rb:74:in `block (5 levels) in &lt;main&gt;&apos;
./spec/requests/events_spec.rb:73:in `block (4 levels) in &lt;main&gt;&apos;</failure></testcase>
<testcase classname="spec.requests.events_spec" name="/events POST /create with invalid parameters renders a successful response (i.e. to display the &apos;new&apos; template)" file="./spec/requests/events_spec.rb" time="0.001822"><failure message="undefined local variable or method `events_url&apos; for #&lt;RSpec::ExampleGroups::Events::POSTCreate::WithInvalidParameters:0x000055ed9ee93450&gt;" type="NameError">Failure/Error: post events_url, params: { event: invalid_attributes }

NameError:
  undefined local variable or method `events_url&apos; for #&lt;RSpec::ExampleGroups::Events::POSTCreate::WithInvalidParameters:0x000055ed9ee93450&gt;
./spec/requests/events_spec.rb:79:in `block (4 levels) in &lt;main&gt;&apos;</failure></testcase>
<testcase classname="spec.requests.events_spec" name="/events PATCH /update with valid parameters updates the requested event" file="./spec/requests/events_spec.rb" time="0.003002"><skipped/></testcase>
<testcase classname="spec.requests.events_spec" name="/events PATCH /update with valid parameters redirects to the event" file="./spec/requests/events_spec.rb" time="0.002073"><skipped/></testcase>
<testcase classname="spec.requests.events_spec" name="/events PATCH /update with invalid parameters renders a successful response (i.e. to display the &apos;edit&apos; template)" file="./spec/requests/events_spec.rb" time="0.001791"><skipped/></testcase>
<testcase classname="spec.requests.events_spec" name="/events DELETE /destroy destroys the requested event" file="./spec/requests/events_spec.rb" time="0.002003"><skipped/></testcase>
<testcase classname="spec.requests.events_spec" name="/events DELETE /destroy redirects to the events list" file="./spec/requests/events_spec.rb" time="0.001612"><skipped/></testcase>
<testcase classname="spec.routing.events_routing_spec" name="EventsController routing routes to #index" file="./spec/routing/events_routing_spec.rb" time="0.015353"><failure message="No route matches &quot;/events&quot;" type="RSpec::Expectations::ExpectationNotMetError">Failure/Error: expect(get: &apos;/events&apos;).to route_to(&apos;events#index&apos;)
  No route matches &quot;/events&quot;
./spec/routing/events_routing_spec.rb:6:in `block (3 levels) in &lt;main&gt;&apos;</failure></testcase>
<testcase classname="spec.routing.events_routing_spec" name="EventsController routing routes to #new" file="./spec/routing/events_routing_spec.rb" time="0.002155"><failure message="No route matches &quot;/events/new&quot;" type="RSpec::Expectations::ExpectationNotMetError">Failure/Error: expect(get: &apos;/events/new&apos;).to route_to(&apos;events#new&apos;)
  No route matches &quot;/events/new&quot;
./spec/routing/events_routing_spec.rb:10:in `block (3 levels) in &lt;main&gt;&apos;</failure></testcase>
<testcase classname="spec.routing.events_routing_spec" name="EventsController routing routes to #show" file="./spec/routing/events_routing_spec.rb" time="0.002740"><failure message="No route matches &quot;/events/1&quot;" type="RSpec::Expectations::ExpectationNotMetError">Failure/Error: expect(get: &apos;/events/1&apos;).to route_to(&apos;events#show&apos;, id: &apos;1&apos;)
  No route matches &quot;/events/1&quot;
./spec/routing/events_routing_spec.rb:14:in `block (3 levels) in &lt;main&gt;&apos;</failure></testcase>
<testcase classname="spec.routing.events_routing_spec" name="EventsController routing routes to #edit" file="./spec/routing/events_routing_spec.rb" time="0.002361"><failure message="No route matches &quot;/events/1/edit&quot;" type="RSpec::Expectations::ExpectationNotMetError">Failure/Error: expect(get: &apos;/events/1/edit&apos;).to route_to(&apos;events#edit&apos;, id: &apos;1&apos;)
  No route matches &quot;/events/1/edit&quot;
./spec/routing/events_routing_spec.rb:18:in `block (3 levels) in &lt;main&gt;&apos;</failure></testcase>
<testcase classname="spec.routing.events_routing_spec" name="EventsController routing routes to #create" file="./spec/routing/events_routing_spec.rb" time="0.002453"><failure message="No route matches &quot;/events&quot;" type="RSpec::Expectations::ExpectationNotMetError">Failure/Error: expect(post: &apos;/events&apos;).to route_to(&apos;events#create&apos;)
  No route matches &quot;/events&quot;
./spec/routing/events_routing_spec.rb:22:in `block (3 levels) in &lt;main&gt;&apos;</failure></testcase>
<testcase classname="spec.routing.events_routing_spec" name="EventsController routing routes to #update via PUT" file="./spec/routing/events_routing_spec.rb" time="0.002228"><failure message="No route matches &quot;/events/1&quot;" type="RSpec::Expectations::ExpectationNotMetError">Failure/Error: expect(put: &apos;/events/1&apos;).to route_to(&apos;events#update&apos;, id: &apos;1&apos;)
  No route matches &quot;/events/1&quot;
./spec/routing/events_routing_spec.rb:26:in `block (3 levels) in &lt;main&gt;&apos;</failure></testcase>
<testcase classname="spec.routing.events_routing_spec" name="EventsController routing routes to #update via PATCH" file="./spec/routing/events_routing_spec.rb" time="0.002046"><failure message="No route matches &quot;/events/1&quot;" type="RSpec::Expectations::ExpectationNotMetError">Failure/Error: expect(patch: &apos;/events/1&apos;).to route_to(&apos;events#update&apos;, id: &apos;1&apos;)
  No route matches &quot;/events/1&quot;
./spec/routing/events_routing_spec.rb:30:in `block (3 levels) in &lt;main&gt;&apos;</failure></testcase>
<testcase classname="spec.routing.events_routing_spec" name="EventsController routing routes to #destroy" file="./spec/routing/events_routing_spec.rb" time="0.002009"><failure message="No route matches &quot;/events/1&quot;" type="RSpec::Expectations::ExpectationNotMetError">Failure/Error: expect(delete: &apos;/events/1&apos;).to route_to(&apos;events#destroy&apos;, id: &apos;1&apos;)
  No route matches &quot;/events/1&quot;
./spec/routing/events_routing_spec.rb:34:in `block (3 levels) in &lt;main&gt;&apos;</failure></testcase>
<testcase classname="spec.views.events.edit" name="events/edit renders the edit event form" file="./spec/views/events/edit.html.erb_spec.rb" time="0.010685"><failure message="unknown attribute &apos;title&apos; for Event." type="ActiveModel::UnknownAttributeError">Failure/Error:
  @event = assign(:event, Event.create!(
                            title: &apos;MyString&apos;,
                            description: &apos;MyText&apos;
                          ))

ActiveModel::UnknownAttributeError:
  unknown attribute &apos;title&apos; for Event.
./spec/views/events/edit.html.erb_spec.rb:5:in `block (2 levels) in &lt;main&gt;&apos;</failure></testcase>
<testcase classname="spec.views.events.index" name="events/index renders a list of events" file="./spec/views/events/index.html.erb_spec.rb" time="0.002681"><failure message="unknown attribute &apos;title&apos; for Event." type="ActiveModel::UnknownAttributeError">Failure/Error:
  Event.create!(
    title: &apos;Title&apos;,
    description: &apos;MyText&apos;
  ),

ActiveModel::UnknownAttributeError:
  unknown attribute &apos;title&apos; for Event.
./spec/views/events/index.html.erb_spec.rb:6:in `block (2 levels) in &lt;main&gt;&apos;</failure></testcase>
<testcase classname="spec.views.events.new" name="events/new renders new event form" file="./spec/views/events/new.html.erb_spec.rb" time="0.002813"><failure message="unknown attribute &apos;title&apos; for Event." type="ActiveModel::UnknownAttributeError">Failure/Error:
  assign(:event, Event.new(
                   title: &apos;MyString&apos;,
                   description: &apos;MyText&apos;
                 ))

ActiveModel::UnknownAttributeError:
  unknown attribute &apos;title&apos; for Event.
./spec/views/events/new.html.erb_spec.rb:5:in `block (2 levels) in &lt;main&gt;&apos;</failure></testcase>
<testcase classname="spec.views.events.show" name="events/show renders attributes in &lt;p&gt;" file="./spec/views/events/show.html.erb_spec.rb" time="0.003991"><failure message="unknown attribute &apos;title&apos; for Event." type="ActiveModel::UnknownAttributeError">Failure/Error:
  @event = assign(:event, Event.create!(
                            title: &apos;Title&apos;,
                            description: &apos;MyText&apos;
                          ))

ActiveModel::UnknownAttributeError:
  unknown attribute &apos;title&apos; for Event.
./spec/views/events/show.html.erb_spec.rb:5:in `block (2 levels) in &lt;main&gt;&apos;</failure></testcase>
</testsuite>
